<?xml version="1.0" encoding="UTF-8"?>
<testng-results ignored="0" total="1" passed="1" failed="0" skipped="0">
  <reporter-output>
  </reporter-output>
  <suite started-at="2024-10-07T11:41:24 IST" name="Default suite" finished-at="2024-10-07T11:41:26 IST" duration-ms="1881">
    <groups>
    </groups>
    <test started-at="2024-10-07T11:41:24 IST" name="Default test" finished-at="2024-10-07T11:41:26 IST" duration-ms="1881">
      <class name="types_Of_Parameters.ParamParameterTest">
        <test-method signature="sampleTest()[pri:0, instance:types_Of_Parameters.ParamParameterTest@6b2ea799]" started-at="2024-10-07T11:41:24 IST" name="sampleTest" finished-at="2024-10-07T11:41:26 IST" duration-ms="1808" status="PASS">
          <reporter-output>
          </reporter-output>
        </test-method> <!-- sampleTest -->
      </class> <!-- types_Of_Parameters.ParamParameterTest -->
    </test> <!-- Default test -->
  </suite> <!-- Default suite -->
</testng-results>
